INFO     Running translator.
INFO     translator input: ['domain.pddl', 'problem.pddl']
INFO     translator arguments: []
INFO     translator time limit: 1799.9s
INFO     translator memory limit: 8192 MB
INFO     callstring: /usr/bin/python /planner/builds/release64/bin/translate/translate.py domain.pddl problem.pddl
time limit 1799.90 -> (1800, 1801)
Parsing...
Parsing: [0.010s CPU, 0.013s wall-clock]
Normalizing task... [0.000s CPU, 0.000s wall-clock]
Instantiating...
Generating Datalog program... [0.000s CPU, 0.002s wall-clock]
Normalizing Datalog program...
Normalizing Datalog program: [0.010s CPU, 0.008s wall-clock]
Preparing model... [0.000s CPU, 0.006s wall-clock]
Generated 258 rules.
Computing model... [0.440s CPU, 0.440s wall-clock]
39948 relevant atoms
1490 auxiliary atoms
41438 final queue length
149435 total queue pushes
Completing instantiation... [4.300s CPU, 4.293s wall-clock]
Instantiating: [4.760s CPU, 4.758s wall-clock]
Computing fact groups...
Finding invariants...
44 initial candidates
Finding invariants: [0.060s CPU, 0.059s wall-clock]
Checking invariant weight... [0.000s CPU, 0.000s wall-clock]
Instantiating groups... [0.000s CPU, 0.001s wall-clock]
Collecting mutex groups... [0.000s CPU, 0.000s wall-clock]
Choosing groups...
104 uncovered facts
Choosing groups: [0.000s CPU, 0.000s wall-clock]
Building translation key... [0.000s CPU, 0.000s wall-clock]
Computing fact groups: [0.060s CPU, 0.061s wall-clock]
Building STRIPS to SAS dictionary... [0.000s CPU, 0.000s wall-clock]
Building dictionary for full mutex groups... [0.000s CPU, 0.000s wall-clock]
Building mutex information...
Building mutex information: [0.000s CPU, 0.000s wall-clock]
Translating task...
Processing axioms...
Simplifying axioms... [0.000s CPU, 0.000s wall-clock]
Processing axioms: [0.130s CPU, 0.124s wall-clock]
Translating task: [2.470s CPU, 2.478s wall-clock]
42097 effect conditions simplified
0 implied preconditions added
Detecting unreachable propositions...
0 operators removed
0 axioms removed
35 propositions removed
Detecting unreachable propositions: [1.640s CPU, 1.634s wall-clock]
Translator variables: 100
Translator derived variables: 0
Translator facts: 229
Translator goal facts: 1
Translator mutex groups: 7
Translator total mutex groups size: 43
Translator operators: 39319
Translator axioms: 0
Translator task size: 434310
Translator peak memory: 431176 KB
Writing output... [0.360s CPU, 0.364s wall-clock]
Done! [9.420s CPU, 9.419s wall-clock]
INFO     Running preprocessor (release64).
INFO     preprocessor input: output.sas
INFO     preprocessor arguments: []
INFO     preprocessor time limit: 1790.4s
INFO     preprocessor memory limit: 8192 MB
INFO     callstring: /planner/builds/release64/bin/preprocess < output.sas
time limit 1790.40 -> (1791, 1792)
Building causal graph...
The causal graph is not acyclic.
94 variables of 100 necessary
0 of 7 mutex groups necessary.
39319 of 39319 operators necessary.
0 of 0 axiom rules necessary.
Initializing mutex computation...
Mutex computation initialized with 217 fluents.
iteration for mutex detection and operator pruning
Initialize m_index fw
Initialized mvalues forward: reached=8836, notReached=37717, spurious=536
Initialize m_ops fw
Computing mutexes...
Mutex computation finished with reached=41413, notReached=5140, spurious=536
29450 operators are spurious because were not triggered
Unreachable proposition: Atom harvest_phase(stage4, harvest_feeding)
Unreachable proposition: Atom harvest_phase(stage4, harvest_breeding)
H^2 mutexes added fw: 4280, unreachable: 2
0 of 9869 operators detected as spurious
iteration for mutex detection and operator pruning
Initialize m_index bw
Init values regression
Initialized mvalues backward: reached=28005, notReached=13408, spurious=5676
Initialize m_ops bw
Computing mutexes...
Mutex computation finished with reached=41393, notReached=20, spurious=5676
0 operators are spurious because were not triggered
H^2 mutexes added bw: 20, unreachable: 0
0 of 9869 operators detected as spurious
iteration for mutex detection and operator pruning
Initialize m_index fw
Initialized mvalues forward: reached=8836, notReached=32557, spurious=5696
Initialize m_ops fw
Computing mutexes...
Mutex computation finished with reached=41393, notReached=0, spurious=5696
0 operators are spurious because were not triggered
H^2 mutexes added fw: 0, unreachable: 0
0 of 9869 operators detected as spurious
Total mutex and disambiguation time: 2.57712 iterations: 3
2150 of 2150 mutex groups necessary.
9869 of 39319 operators necessary.
0 of 0 axiom rules necessary.
Change id of operators: 9869
Change id of mutexes
Change id of goals
Change id of initial state
Remove unreachable facts from variables: 94
2150 of 2150 mutex groups necessary.
9869 of 9869 operators necessary.
0 of 0 axiom rules necessary.
Updating causal graph and pruning unnecessary facts
92 variables of 94 of 100 necessary
The causal graph is not acyclic.
91 variables of 92 necessary
2099 of 2150 mutex groups necessary.
9869 of 9869 operators necessary.
0 of 0 axiom rules necessary.
Building domain transition graphs...
solveable in poly time 0
Building successor generator...
Preprocessor variables: 91
Preprocessor facts: 211
Preprocessor derived variables: 0
Preprocessor operators: 9869
Preprocessor mutex groups: 2099
Preprocessor task size: 105396
Writing output...
Preprocessor peak memory: 102560 KB
done
INFO     Running search (release64).
INFO     search input: output
INFO     search arguments: ['--search', 'astar(cpdbs_symbolic(genetic_ss(use_ucb=true,num_episodes=10000000,num_collections=1,pdb_factory=symbolic,genetic_time_limit=900,time_limit=1.0,create_perimeter=true,use_first_goal_vars=false,use_norm_dist=true)))']
INFO     search time limit: 1786.99s
INFO     search memory limit: 8192 MB
INFO     search executable: /planner/builds/release64/bin/downward
INFO     callstring: /planner/builds/release64/bin/downward --search 'astar(cpdbs_symbolic(genetic_ss(use_ucb=true,num_episodes=10000000,num_collections=1,pdb_factory=symbolic,genetic_time_limit=900,time_limit=1.0,create_perimeter=true,use_first_goal_vars=false,use_norm_dist=true)))' --internal-plan-file sas_plan < output
time limit 1786.99 -> (1787, 1788)
reading input... [t=0.00164768s]
done reading input! [t=0.0780565s]
packing state variables...done! [t=0.078083s]
Variables: 91
Facts: 211
Bytes per state: 16
Building successor generator...done! [t=0.103835s]
done initalizing global data [t=0.103858s]
parsing options
parsing options
building causal graph...done! [t=0.0105027s]
Sym variable order: 90 5 6 43 46 47 42 44 45 75 74 73 20 7 1 8 10 11 0 3 85 63 86 64 78 89 77 76 60 62 58 71 72 59 61 25 26 56 28 55 54 35 29 39 41 34 33 17 31 81 88 24 80 14 68 67 69 9 87 65 70 52 53 57 79 66 84 48 50 51 49 82 83 36 37 27 40 38 30 32 18 15 22 12 16 23 21 19 13 4 2 
Initializing Symbolic Variables
Num variables: 91 => 102
Initialize Symbolic Manager(204, 78431, 16000000, 0)
Generating binary variables
Symbolic Variables... Done.
hybrid_pdb_size:1
create_perimeter:1
initial pdb type:symbolic
initial time_limit per pdb:1
reg_bin_pack_only:0
rel_analysis_only:0
single_pattern_only:0
use_ucb:1
size_selection:0
sampling_method:use_ss
using normal distribution to choose size logs
sampling method,SS:1,ipdb_walk:0,avg_h:0
recompute_max_additive_subsets is off
after get_variables
variables.size:91
i:0
i:1
i:2
i:3
i:4
i:5
i:6
i:7
i:8
i:9
i:10
i:11
i:12
i:13
i:14
i:15
i:16
i:17
i:18
i:19
i:20
i:21
i:22
i:23
i:24
i:25
i:26
i:27
i:28
i:29
i:30
i:31
i:32
i:33
i:34
i:35
i:36
i:37
i:38
i:39
i:40
i:41
i:42
i:43
i:44
i:45
i:46
i:47
i:48
i:49
i:50
i:51
i:52
i:53
i:54
i:55
i:56
i:57
i:58
i:59
i:60
i:61
i:62
i:63
i:64
i:65
i:66
i:67
i:68
i:69
i:70
i:71
i:72
i:73
i:74
i:75
i:76
i:77
i:78
i:79
i:80
i:81
i:82
i:83
i:84
i:85
i:86
i:87
i:88
i:89
i:90
Whole pattern:[ 0 1 2 3 4 5 6 7 8 9 10 11 12 13 14 15 16 17 18 19 20 21 22 23 24 25 26 27 28 29 30 31 32 33 34 35 36 37 38 39 40 41 42 43 44 45 46 47 48 49 50 51 52 53 54 55 56 57 58 59 60 61 62 63 64 65 66 67 68 69 70 71 72 73 74 75 76 77 78 79 80 81 82 83 84 85 86 87 88 89 90 ]
overall_problem_size:2.02032e+30
initial_max_target_size:10,initial_min_target_size:4,time_limit(per pattern):1
starting timings
node gen_and_exp_cost:9.58174e-06,node_counter:106186
Setting num_collections to 1 no matter the input,peak memory:1027456
seeding with creating_perimeter
g_timer before calling ZeroOnePDB to generate initial perimeter:2.37735
g_timer after calling ZeroOnePDB to generate initial perimeter:3.67673
Solution found with cost 878 total time: 207.612s
Solution found with cost 908 total time: 207.688s
g_timer after calling terminate_creation to push perimeter into best_pdb_collections208.186
Solution found while generating Perimeter PDB candidate of type:symbolic, adding PDB and exiting generation at time208.186
final episode:,0,time:,208.186,overall_pdb_gen_time:,0,online_samples:,0,overall_sampling_time:,0,avg samp time:,0,avg_sampled_states:,0,overall_probe_time:,0,candidate_count:,0,unique_samples.size:,0,best_heuristics count:,1,overall_dominance_prunning_time:,0,bin_pack_reg_count:,0,bin_packing_rel_count:0
final best_pdb_collections:1
	collection[0][ 0x5c07650 ]
First call, pdbs empty
First call, max_additive_subsets empty
adding :[ 0 1 2 3 4 5 6 7 8 9 10 11 12 13 14 15 16 17 18 19 20 21 22 23 24 25 26 27 28 29 30 31 32 33 34 35 36 37 38 39 40 41 42 43 44 45 46 47 48 49 50 51 52 53 54 55 56 57 58 59 60 61 62 63 64 65 66 67 68 69 70 71 72 73 74 75 76 77 78 79 80 81 82 83 84 85 86 87 88 89 90]
non_dead_ends:0
mergeBucketDeadEnds time:1.57539e-07
Finished,episodes:0,Pattern generation (Edelkamp ONLINE) time: 206.857s,Peak Memory:1570972,current_memory:1570972
PDB collection construction time: 206.885s
pdb1:0,1,2,3,4,5,6,7,8,9,10,11,12,13,14,15,16,17,18,19,20,21,22,23,24,25,26,27,28,29,30,31,32,33,34,35,36,37,38,39,40,41,42,43,44,45,46,47,48,49,50,51,52,53,54,55,56,57,58,59,60,61,62,63,64,65,66,67,68,69,70,71,72,73,74,75,76,77,78,79,80,81,82,83,84,85,86,87,88,89,90,pdb2:0,1,2,3,4,5,6,7,8,9,10,11,12,13,14,15,16,17,18,19,20,21,22,23,24,25,26,27,28,29,30,31,32,33,34,35,36,37,38,39,40,41,42,43,44,45,46,47,48,49,50,51,52,53,54,55,56,57,58,59,60,61,62,63,64,65,66,67,68,69,70,71,72,73,74,75,76,77,78,79,80,81,82,83,84,85,86,87,88,89,90,
Pruned 0 of 1 maximal additive subsets
Pruned 0 of 1 PDBs
Dominance pruning took 2.2735e-05s
Max additive subsets before ADD indexes: 0
Single PDBs: 4192 
Shared PDBs: 
Dead-end PDBs before resize: 18 
Dead-end PDBs after resize: 18 
Max additive subsets after ADD indexes: 0
pruning method: none
Conducting best first search with reopening closed nodes, (real) bound = 2147483647
initial state children:8
New best heuristic value for cpdbs_symbolic(genetic_ss(use_ucb = true, num_episodes = 10000000, num_collections = 1, pdb_factory = symbolic, genetic_time_limit = 900, time_limit = 1.0, create_perimeter = true, use_first_goal_vars = false, use_norm_dist = true)): 878
[g=0, 1 evaluated, 0 expanded, t=208.494s, 1535308 KB]
f = 878 [1 evaluated, 0 expanded, t=208.494s, 1535308 KB]
Initial heuristic value for cpdbs_symbolic(genetic_ss(use_ucb = true, num_episodes = 10000000, num_collections = 1, pdb_factory = symbolic, genetic_time_limit = 900, time_limit = 1.0, create_perimeter = true, use_first_goal_vars = false, use_norm_dist = true)): 878
New best heuristic value for cpdbs_symbolic(genetic_ss(use_ucb = true, num_episodes = 10000000, num_collections = 1, pdb_factory = symbolic, genetic_time_limit = 900, time_limit = 1.0, create_perimeter = true, use_first_goal_vars = false, use_norm_dist = true)): 818
[g=60, 3 evaluated, 1 expanded, t=208.494s, 1535308 KB]
New best heuristic value for cpdbs_symbolic(genetic_ss(use_ucb = true, num_episodes = 10000000, num_collections = 1, pdb_factory = symbolic, genetic_time_limit = 900, time_limit = 1.0, create_perimeter = true, use_first_goal_vars = false, use_norm_dist = true)): 758
[g=120, 12 evaluated, 2 expanded, t=208.494s, 1535308 KB]
New best heuristic value for cpdbs_symbolic(genetic_ss(use_ucb = true, num_episodes = 10000000, num_collections = 1, pdb_factory = symbolic, genetic_time_limit = 900, time_limit = 1.0, create_perimeter = true, use_first_goal_vars = false, use_norm_dist = true)): 757
[g=121, 17 evaluated, 3 expanded, t=208.494s, 1535308 KB]
New best heuristic value for cpdbs_symbolic(genetic_ss(use_ucb = true, num_episodes = 10000000, num_collections = 1, pdb_factory = symbolic, genetic_time_limit = 900, time_limit = 1.0, create_perimeter = true, use_first_goal_vars = false, use_norm_dist = true)): 756
[g=122, 18 evaluated, 4 expanded, t=208.494s, 1535308 KB]
New best heuristic value for cpdbs_symbolic(genetic_ss(use_ucb = true, num_episodes = 10000000, num_collections = 1, pdb_factory = symbolic, genetic_time_limit = 900, time_limit = 1.0, create_perimeter = true, use_first_goal_vars = false, use_norm_dist = true)): 755
[g=123, 19 evaluated, 5 expanded, t=208.494s, 1535308 KB]
New best heuristic value for cpdbs_symbolic(genetic_ss(use_ucb = true, num_episodes = 10000000, num_collections = 1, pdb_factory = symbolic, genetic_time_limit = 900, time_limit = 1.0, create_perimeter = true, use_first_goal_vars = false, use_norm_dist = true)): 695
[g=183, 30 evaluated, 6 expanded, t=208.494s, 1535308 KB]
New best heuristic value for cpdbs_symbolic(genetic_ss(use_ucb = true, num_episodes = 10000000, num_collections = 1, pdb_factory = symbolic, genetic_time_limit = 900, time_limit = 1.0, create_perimeter = true, use_first_goal_vars = false, use_norm_dist = true)): 635
[g=243, 43 evaluated, 7 expanded, t=208.494s, 1535308 KB]
New best heuristic value for cpdbs_symbolic(genetic_ss(use_ucb = true, num_episodes = 10000000, num_collections = 1, pdb_factory = symbolic, genetic_time_limit = 900, time_limit = 1.0, create_perimeter = true, use_first_goal_vars = false, use_norm_dist = true)): 634
[g=244, 45 evaluated, 8 expanded, t=208.494s, 1535308 KB]
New best heuristic value for cpdbs_symbolic(genetic_ss(use_ucb = true, num_episodes = 10000000, num_collections = 1, pdb_factory = symbolic, genetic_time_limit = 900, time_limit = 1.0, create_perimeter = true, use_first_goal_vars = false, use_norm_dist = true)): 633
[g=245, 46 evaluated, 9 expanded, t=208.494s, 1535308 KB]
New best heuristic value for cpdbs_symbolic(genetic_ss(use_ucb = true, num_episodes = 10000000, num_collections = 1, pdb_factory = symbolic, genetic_time_limit = 900, time_limit = 1.0, create_perimeter = true, use_first_goal_vars = false, use_norm_dist = true)): 632
[g=246, 47 evaluated, 10 expanded, t=208.494s, 1535308 KB]
New best heuristic value for cpdbs_symbolic(genetic_ss(use_ucb = true, num_episodes = 10000000, num_collections = 1, pdb_factory = symbolic, genetic_time_limit = 900, time_limit = 1.0, create_perimeter = true, use_first_goal_vars = false, use_norm_dist = true)): 572
[g=306, 57 evaluated, 11 expanded, t=208.494s, 1535308 KB]
New best heuristic value for cpdbs_symbolic(genetic_ss(use_ucb = true, num_episodes = 10000000, num_collections = 1, pdb_factory = symbolic, genetic_time_limit = 900, time_limit = 1.0, create_perimeter = true, use_first_goal_vars = false, use_norm_dist = true)): 512
[g=366, 65 evaluated, 12 expanded, t=208.494s, 1535308 KB]
New best heuristic value for cpdbs_symbolic(genetic_ss(use_ucb = true, num_episodes = 10000000, num_collections = 1, pdb_factory = symbolic, genetic_time_limit = 900, time_limit = 1.0, create_perimeter = true, use_first_goal_vars = false, use_norm_dist = true)): 511
[g=367, 67 evaluated, 13 expanded, t=208.495s, 1535308 KB]
New best heuristic value for cpdbs_symbolic(genetic_ss(use_ucb = true, num_episodes = 10000000, num_collections = 1, pdb_factory = symbolic, genetic_time_limit = 900, time_limit = 1.0, create_perimeter = true, use_first_goal_vars = false, use_norm_dist = true)): 510
[g=368, 68 evaluated, 14 expanded, t=208.495s, 1535308 KB]
New best heuristic value for cpdbs_symbolic(genetic_ss(use_ucb = true, num_episodes = 10000000, num_collections = 1, pdb_factory = symbolic, genetic_time_limit = 900, time_limit = 1.0, create_perimeter = true, use_first_goal_vars = false, use_norm_dist = true)): 509
[g=369, 69 evaluated, 15 expanded, t=208.495s, 1535308 KB]
New best heuristic value for cpdbs_symbolic(genetic_ss(use_ucb = true, num_episodes = 10000000, num_collections = 1, pdb_factory = symbolic, genetic_time_limit = 900, time_limit = 1.0, create_perimeter = true, use_first_goal_vars = false, use_norm_dist = true)): 449
[g=429, 70 evaluated, 16 expanded, t=208.495s, 1535308 KB]
New best heuristic value for cpdbs_symbolic(genetic_ss(use_ucb = true, num_episodes = 10000000, num_collections = 1, pdb_factory = symbolic, genetic_time_limit = 900, time_limit = 1.0, create_perimeter = true, use_first_goal_vars = false, use_norm_dist = true)): 389
[g=489, 82 evaluated, 17 expanded, t=208.495s, 1535308 KB]
New best heuristic value for cpdbs_symbolic(genetic_ss(use_ucb = true, num_episodes = 10000000, num_collections = 1, pdb_factory = symbolic, genetic_time_limit = 900, time_limit = 1.0, create_perimeter = true, use_first_goal_vars = false, use_norm_dist = true)): 388
[g=490, 93 evaluated, 18 expanded, t=208.495s, 1535308 KB]
New best heuristic value for cpdbs_symbolic(genetic_ss(use_ucb = true, num_episodes = 10000000, num_collections = 1, pdb_factory = symbolic, genetic_time_limit = 900, time_limit = 1.0, create_perimeter = true, use_first_goal_vars = false, use_norm_dist = true)): 387
[g=491, 94 evaluated, 19 expanded, t=208.495s, 1535308 KB]
New best heuristic value for cpdbs_symbolic(genetic_ss(use_ucb = true, num_episodes = 10000000, num_collections = 1, pdb_factory = symbolic, genetic_time_limit = 900, time_limit = 1.0, create_perimeter = true, use_first_goal_vars = false, use_norm_dist = true)): 386
[g=492, 96 evaluated, 20 expanded, t=208.495s, 1535308 KB]
New best heuristic value for cpdbs_symbolic(genetic_ss(use_ucb = true, num_episodes = 10000000, num_collections = 1, pdb_factory = symbolic, genetic_time_limit = 900, time_limit = 1.0, create_perimeter = true, use_first_goal_vars = false, use_norm_dist = true)): 385
[g=493, 97 evaluated, 21 expanded, t=208.495s, 1535308 KB]
New best heuristic value for cpdbs_symbolic(genetic_ss(use_ucb = true, num_episodes = 10000000, num_collections = 1, pdb_factory = symbolic, genetic_time_limit = 900, time_limit = 1.0, create_perimeter = true, use_first_goal_vars = false, use_norm_dist = true)): 384
[g=494, 98 evaluated, 22 expanded, t=208.495s, 1535308 KB]
New best heuristic value for cpdbs_symbolic(genetic_ss(use_ucb = true, num_episodes = 10000000, num_collections = 1, pdb_factory = symbolic, genetic_time_limit = 900, time_limit = 1.0, create_perimeter = true, use_first_goal_vars = false, use_norm_dist = true)): 383
[g=495, 99 evaluated, 23 expanded, t=208.495s, 1535308 KB]
New best heuristic value for cpdbs_symbolic(genetic_ss(use_ucb = true, num_episodes = 10000000, num_collections = 1, pdb_factory = symbolic, genetic_time_limit = 900, time_limit = 1.0, create_perimeter = true, use_first_goal_vars = false, use_norm_dist = true)): 382
[g=496, 100 evaluated, 24 expanded, t=208.495s, 1535308 KB]
New best heuristic value for cpdbs_symbolic(genetic_ss(use_ucb = true, num_episodes = 10000000, num_collections = 1, pdb_factory = symbolic, genetic_time_limit = 900, time_limit = 1.0, create_perimeter = true, use_first_goal_vars = false, use_norm_dist = true)): 352
[g=526, 105 evaluated, 25 expanded, t=208.495s, 1535308 KB]
New best heuristic value for cpdbs_symbolic(genetic_ss(use_ucb = true, num_episodes = 10000000, num_collections = 1, pdb_factory = symbolic, genetic_time_limit = 900, time_limit = 1.0, create_perimeter = true, use_first_goal_vars = false, use_norm_dist = true)): 322
[g=556, 116 evaluated, 26 expanded, t=208.495s, 1535308 KB]
New best heuristic value for cpdbs_symbolic(genetic_ss(use_ucb = true, num_episodes = 10000000, num_collections = 1, pdb_factory = symbolic, genetic_time_limit = 900, time_limit = 1.0, create_perimeter = true, use_first_goal_vars = false, use_norm_dist = true)): 292
[g=586, 127 evaluated, 27 expanded, t=208.495s, 1535308 KB]
New best heuristic value for cpdbs_symbolic(genetic_ss(use_ucb = true, num_episodes = 10000000, num_collections = 1, pdb_factory = symbolic, genetic_time_limit = 900, time_limit = 1.0, create_perimeter = true, use_first_goal_vars = false, use_norm_dist = true)): 291
[g=587, 130 evaluated, 28 expanded, t=208.495s, 1535308 KB]
New best heuristic value for cpdbs_symbolic(genetic_ss(use_ucb = true, num_episodes = 10000000, num_collections = 1, pdb_factory = symbolic, genetic_time_limit = 900, time_limit = 1.0, create_perimeter = true, use_first_goal_vars = false, use_norm_dist = true)): 290
[g=588, 131 evaluated, 29 expanded, t=208.495s, 1535308 KB]
New best heuristic value for cpdbs_symbolic(genetic_ss(use_ucb = true, num_episodes = 10000000, num_collections = 1, pdb_factory = symbolic, genetic_time_limit = 900, time_limit = 1.0, create_perimeter = true, use_first_goal_vars = false, use_norm_dist = true)): 289
[g=589, 132 evaluated, 30 expanded, t=208.495s, 1535308 KB]
New best heuristic value for cpdbs_symbolic(genetic_ss(use_ucb = true, num_episodes = 10000000, num_collections = 1, pdb_factory = symbolic, genetic_time_limit = 900, time_limit = 1.0, create_perimeter = true, use_first_goal_vars = false, use_norm_dist = true)): 259
[g=619, 133 evaluated, 31 expanded, t=208.495s, 1535308 KB]
New best heuristic value for cpdbs_symbolic(genetic_ss(use_ucb = true, num_episodes = 10000000, num_collections = 1, pdb_factory = symbolic, genetic_time_limit = 900, time_limit = 1.0, create_perimeter = true, use_first_goal_vars = false, use_norm_dist = true)): 229
[g=649, 153 evaluated, 32 expanded, t=208.495s, 1535308 KB]
New best heuristic value for cpdbs_symbolic(genetic_ss(use_ucb = true, num_episodes = 10000000, num_collections = 1, pdb_factory = symbolic, genetic_time_limit = 900, time_limit = 1.0, create_perimeter = true, use_first_goal_vars = false, use_norm_dist = true)): 199
[g=679, 161 evaluated, 33 expanded, t=208.495s, 1535308 KB]
New best heuristic value for cpdbs_symbolic(genetic_ss(use_ucb = true, num_episodes = 10000000, num_collections = 1, pdb_factory = symbolic, genetic_time_limit = 900, time_limit = 1.0, create_perimeter = true, use_first_goal_vars = false, use_norm_dist = true)): 198
[g=680, 163 evaluated, 34 expanded, t=208.495s, 1535308 KB]
New best heuristic value for cpdbs_symbolic(genetic_ss(use_ucb = true, num_episodes = 10000000, num_collections = 1, pdb_factory = symbolic, genetic_time_limit = 900, time_limit = 1.0, create_perimeter = true, use_first_goal_vars = false, use_norm_dist = true)): 197
[g=681, 164 evaluated, 35 expanded, t=208.495s, 1535308 KB]
New best heuristic value for cpdbs_symbolic(genetic_ss(use_ucb = true, num_episodes = 10000000, num_collections = 1, pdb_factory = symbolic, genetic_time_limit = 900, time_limit = 1.0, create_perimeter = true, use_first_goal_vars = false, use_norm_dist = true)): 196
[g=682, 165 evaluated, 36 expanded, t=208.495s, 1535308 KB]
New best heuristic value for cpdbs_symbolic(genetic_ss(use_ucb = true, num_episodes = 10000000, num_collections = 1, pdb_factory = symbolic, genetic_time_limit = 900, time_limit = 1.0, create_perimeter = true, use_first_goal_vars = false, use_norm_dist = true)): 181
[g=697, 166 evaluated, 37 expanded, t=208.495s, 1535308 KB]
New best heuristic value for cpdbs_symbolic(genetic_ss(use_ucb = true, num_episodes = 10000000, num_collections = 1, pdb_factory = symbolic, genetic_time_limit = 900, time_limit = 1.0, create_perimeter = true, use_first_goal_vars = false, use_norm_dist = true)): 166
[g=712, 186 evaluated, 38 expanded, t=208.496s, 1535308 KB]
New best heuristic value for cpdbs_symbolic(genetic_ss(use_ucb = true, num_episodes = 10000000, num_collections = 1, pdb_factory = symbolic, genetic_time_limit = 900, time_limit = 1.0, create_perimeter = true, use_first_goal_vars = false, use_norm_dist = true)): 151
[g=727, 195 evaluated, 39 expanded, t=208.496s, 1535308 KB]
New best heuristic value for cpdbs_symbolic(genetic_ss(use_ucb = true, num_episodes = 10000000, num_collections = 1, pdb_factory = symbolic, genetic_time_limit = 900, time_limit = 1.0, create_perimeter = true, use_first_goal_vars = false, use_norm_dist = true)): 136
[g=742, 196 evaluated, 40 expanded, t=208.496s, 1535308 KB]
New best heuristic value for cpdbs_symbolic(genetic_ss(use_ucb = true, num_episodes = 10000000, num_collections = 1, pdb_factory = symbolic, genetic_time_limit = 900, time_limit = 1.0, create_perimeter = true, use_first_goal_vars = false, use_norm_dist = true)): 135
[g=743, 204 evaluated, 41 expanded, t=208.496s, 1535308 KB]
New best heuristic value for cpdbs_symbolic(genetic_ss(use_ucb = true, num_episodes = 10000000, num_collections = 1, pdb_factory = symbolic, genetic_time_limit = 900, time_limit = 1.0, create_perimeter = true, use_first_goal_vars = false, use_norm_dist = true)): 134
[g=744, 205 evaluated, 42 expanded, t=208.496s, 1535308 KB]
New best heuristic value for cpdbs_symbolic(genetic_ss(use_ucb = true, num_episodes = 10000000, num_collections = 1, pdb_factory = symbolic, genetic_time_limit = 900, time_limit = 1.0, create_perimeter = true, use_first_goal_vars = false, use_norm_dist = true)): 133
[g=745, 207 evaluated, 43 expanded, t=208.496s, 1535308 KB]
New best heuristic value for cpdbs_symbolic(genetic_ss(use_ucb = true, num_episodes = 10000000, num_collections = 1, pdb_factory = symbolic, genetic_time_limit = 900, time_limit = 1.0, create_perimeter = true, use_first_goal_vars = false, use_norm_dist = true)): 132
[g=746, 210 evaluated, 44 expanded, t=208.496s, 1535308 KB]
New best heuristic value for cpdbs_symbolic(genetic_ss(use_ucb = true, num_episodes = 10000000, num_collections = 1, pdb_factory = symbolic, genetic_time_limit = 900, time_limit = 1.0, create_perimeter = true, use_first_goal_vars = false, use_norm_dist = true)): 131
[g=747, 211 evaluated, 45 expanded, t=208.496s, 1535308 KB]
New best heuristic value for cpdbs_symbolic(genetic_ss(use_ucb = true, num_episodes = 10000000, num_collections = 1, pdb_factory = symbolic, genetic_time_limit = 900, time_limit = 1.0, create_perimeter = true, use_first_goal_vars = false, use_norm_dist = true)): 130
[g=748, 212 evaluated, 46 expanded, t=208.496s, 1535308 KB]
New best heuristic value for cpdbs_symbolic(genetic_ss(use_ucb = true, num_episodes = 10000000, num_collections = 1, pdb_factory = symbolic, genetic_time_limit = 900, time_limit = 1.0, create_perimeter = true, use_first_goal_vars = false, use_norm_dist = true)): 129
[g=749, 213 evaluated, 47 expanded, t=208.496s, 1535308 KB]
New best heuristic value for cpdbs_symbolic(genetic_ss(use_ucb = true, num_episodes = 10000000, num_collections = 1, pdb_factory = symbolic, genetic_time_limit = 900, time_limit = 1.0, create_perimeter = true, use_first_goal_vars = false, use_norm_dist = true)): 128
[g=750, 214 evaluated, 48 expanded, t=208.496s, 1535308 KB]
New best heuristic value for cpdbs_symbolic(genetic_ss(use_ucb = true, num_episodes = 10000000, num_collections = 1, pdb_factory = symbolic, genetic_time_limit = 900, time_limit = 1.0, create_perimeter = true, use_first_goal_vars = false, use_norm_dist = true)): 113
[g=765, 218 evaluated, 49 expanded, t=208.496s, 1535308 KB]
New best heuristic value for cpdbs_symbolic(genetic_ss(use_ucb = true, num_episodes = 10000000, num_collections = 1, pdb_factory = symbolic, genetic_time_limit = 900, time_limit = 1.0, create_perimeter = true, use_first_goal_vars = false, use_norm_dist = true)): 98
[g=780, 229 evaluated, 50 expanded, t=208.496s, 1535308 KB]
New best heuristic value for cpdbs_symbolic(genetic_ss(use_ucb = true, num_episodes = 10000000, num_collections = 1, pdb_factory = symbolic, genetic_time_limit = 900, time_limit = 1.0, create_perimeter = true, use_first_goal_vars = false, use_norm_dist = true)): 83
[g=795, 237 evaluated, 51 expanded, t=208.496s, 1535308 KB]
New best heuristic value for cpdbs_symbolic(genetic_ss(use_ucb = true, num_episodes = 10000000, num_collections = 1, pdb_factory = symbolic, genetic_time_limit = 900, time_limit = 1.0, create_perimeter = true, use_first_goal_vars = false, use_norm_dist = true)): 68
[g=810, 253 evaluated, 52 expanded, t=208.496s, 1535308 KB]
New best heuristic value for cpdbs_symbolic(genetic_ss(use_ucb = true, num_episodes = 10000000, num_collections = 1, pdb_factory = symbolic, genetic_time_limit = 900, time_limit = 1.0, create_perimeter = true, use_first_goal_vars = false, use_norm_dist = true)): 67
[g=811, 255 evaluated, 53 expanded, t=208.496s, 1535308 KB]
New best heuristic value for cpdbs_symbolic(genetic_ss(use_ucb = true, num_episodes = 10000000, num_collections = 1, pdb_factory = symbolic, genetic_time_limit = 900, time_limit = 1.0, create_perimeter = true, use_first_goal_vars = false, use_norm_dist = true)): 66
[g=812, 256 evaluated, 54 expanded, t=208.496s, 1535308 KB]
New best heuristic value for cpdbs_symbolic(genetic_ss(use_ucb = true, num_episodes = 10000000, num_collections = 1, pdb_factory = symbolic, genetic_time_limit = 900, time_limit = 1.0, create_perimeter = true, use_first_goal_vars = false, use_norm_dist = true)): 65
[g=813, 257 evaluated, 55 expanded, t=208.496s, 1535308 KB]
New best heuristic value for cpdbs_symbolic(genetic_ss(use_ucb = true, num_episodes = 10000000, num_collections = 1, pdb_factory = symbolic, genetic_time_limit = 900, time_limit = 1.0, create_perimeter = true, use_first_goal_vars = false, use_norm_dist = true)): 50
[g=828, 259 evaluated, 56 expanded, t=208.496s, 1535308 KB]
New best heuristic value for cpdbs_symbolic(genetic_ss(use_ucb = true, num_episodes = 10000000, num_collections = 1, pdb_factory = symbolic, genetic_time_limit = 900, time_limit = 1.0, create_perimeter = true, use_first_goal_vars = false, use_norm_dist = true)): 35
[g=843, 272 evaluated, 57 expanded, t=208.496s, 1535308 KB]
New best heuristic value for cpdbs_symbolic(genetic_ss(use_ucb = true, num_episodes = 10000000, num_collections = 1, pdb_factory = symbolic, genetic_time_limit = 900, time_limit = 1.0, create_perimeter = true, use_first_goal_vars = false, use_norm_dist = true)): 20
[g=858, 285 evaluated, 58 expanded, t=208.496s, 1535308 KB]
New best heuristic value for cpdbs_symbolic(genetic_ss(use_ucb = true, num_episodes = 10000000, num_collections = 1, pdb_factory = symbolic, genetic_time_limit = 900, time_limit = 1.0, create_perimeter = true, use_first_goal_vars = false, use_norm_dist = true)): 5
[g=873, 302 evaluated, 59 expanded, t=208.496s, 1535308 KB]
New best heuristic value for cpdbs_symbolic(genetic_ss(use_ucb = true, num_episodes = 10000000, num_collections = 1, pdb_factory = symbolic, genetic_time_limit = 900, time_limit = 1.0, create_perimeter = true, use_first_goal_vars = false, use_norm_dist = true)): 4
[g=874, 304 evaluated, 60 expanded, t=208.496s, 1535308 KB]
New best heuristic value for cpdbs_symbolic(genetic_ss(use_ucb = true, num_episodes = 10000000, num_collections = 1, pdb_factory = symbolic, genetic_time_limit = 900, time_limit = 1.0, create_perimeter = true, use_first_goal_vars = false, use_norm_dist = true)): 3
[g=875, 305 evaluated, 61 expanded, t=208.496s, 1535308 KB]
New best heuristic value for cpdbs_symbolic(genetic_ss(use_ucb = true, num_episodes = 10000000, num_collections = 1, pdb_factory = symbolic, genetic_time_limit = 900, time_limit = 1.0, create_perimeter = true, use_first_goal_vars = false, use_norm_dist = true)): 2
[g=876, 306 evaluated, 62 expanded, t=208.496s, 1535308 KB]
New best heuristic value for cpdbs_symbolic(genetic_ss(use_ucb = true, num_episodes = 10000000, num_collections = 1, pdb_factory = symbolic, genetic_time_limit = 900, time_limit = 1.0, create_perimeter = true, use_first_goal_vars = false, use_norm_dist = true)): 1
[g=877, 307 evaluated, 63 expanded, t=208.496s, 1535308 KB]
New best heuristic value for cpdbs_symbolic(genetic_ss(use_ucb = true, num_episodes = 10000000, num_collections = 1, pdb_factory = symbolic, genetic_time_limit = 900, time_limit = 1.0, create_perimeter = true, use_first_goal_vars = false, use_norm_dist = true)): 0
[g=878, 308 evaluated, 64 expanded, t=208.497s, 1535308 KB]
Solution found!
Actual search time: 0.00251037s [t=208.497s]
collect_resource worker2 worker1 worker2 round1 act_reed reed (60)
collect_resource worker1 noworker worker2 round1 act_wood wood (60)
ag__finish_round_backhome round1 worker2 (1)
ag__finish_round_renew round1 noworker (1)
ag__advance_round_normal round1 round2 act_fences (1)
build_room worker2 worker1 worker2 worker3 round2 room3 (60)
plow_field worker1 noworker worker2 round2 (60)
ag__finish_round_backhome round2 worker2 (1)
ag__finish_round_renew round2 noworker (1)
ag__advance_round_normal round2 round3 act_sow (1)
take_food worker2 worker1 worker2 round3 num2 num3 (60)
take_grain worker1 noworker worker2 round3 carrot (60)
ag__finish_round_backhome round3 worker2 (1)
ag__finish_round_renew round3 noworker (1)
ag__advance_round_normal round3 round4 act_family (1)
family_growth worker2 worker1 worker2 worker3 round4 clay room3 (60)
sow worker1 noworker worker2 round4 carrot (60)
ag__finish_round_backhome_withchild round4 worker2 worker3 (1)
ag__finish_round_renew round4 noworker (1)
ag__harvest_collecting_veg round4 stage1 carrot num3 num5 num6 (1)
ag__harvest_collect_end round4 stage1 (1)
ag__harvest_feed round4 stage1 worker3 num6 num6 num0 (1)
ag__harvest_breed_end round4 stage1 (1)
ag__finish_stage stage1 stage2 round4 round5 act_cattle (1)
collect_resource worker3 worker2 worker3 round5 act_reed reed (30)
collect_resource worker2 worker1 worker3 round5 act_wood wood (30)
build_room worker1 noworker worker3 worker4 round5 room4 (30)
ag__finish_round_backhome round5 worker3 (1)
ag__finish_round_renew round5 noworker (1)
ag__advance_round_normal round5 round6 act_carrot (1)
family_growth worker3 worker2 worker3 worker4 round6 clay room4 (30)
take_food worker2 worker1 worker3 round6 num0 num1 (30)
take_grain worker1 noworker worker3 round6 carrot (30)
ag__finish_round_backhome_withchild round6 worker3 worker4 (1)
ag__finish_round_renew round6 noworker (1)
ag__advance_round_normal round6 round7 act_boar (1)
sow worker4 worker3 worker4 round7 carrot (15)
take_food worker3 worker2 worker4 round7 num1 num2 (15)
take_grain worker2 worker1 worker4 round7 grain (15)
sow worker1 noworker worker4 round7 grain (15)
ag__finish_round_backhome round7 worker4 (1)
ag__finish_round_renew round7 noworker (1)
ag__harvest_collecting_veg round7 stage2 carrot num2 num4 num5 (1)
ag__harvest_collecting_veg round7 stage2 grain num5 num7 num8 (1)
ag__harvest_collect_end round7 stage2 (1)
ag__harvest_feed round7 stage2 worker4 num8 num8 num0 (1)
ag__harvest_breed_end round7 stage2 (1)
ag__finish_stage stage2 stage3 round7 round8 act_improve (1)
collect_resource worker4 worker3 worker4 round8 act_clay clay (15)
collect_resource worker3 worker2 worker4 round8 act_stone stone (15)
improve_home worker2 worker1 worker4 round8 fireplace (15)
collect_cook_animal boar act_sheep worker1 noworker worker4 round8 num0 num2 (15)
ag__finish_round_backhome round8 worker4 (1)
ag__finish_round_renew round8 noworker (1)
ag__advance_round_normal round8 round9 void (1)
build_fences boar worker4 worker3 worker4 round9 (15)
collect_cook_animal boar act_boar worker3 worker2 worker4 round9 num2 num4 (15)
collect_cook_animal boar act_cattle worker2 worker1 worker4 round9 num4 num6 (15)
collect_cook_animal boar act_sheep worker1 noworker worker4 round9 num6 num8 (15)
ag__finish_round_backhome round9 worker4 (1)
ag__finish_round_renew round9 noworker (1)
ag__harvest_collect_end round9 stage3 (1)
ag__harvest_feed round9 stage3 worker4 num8 num8 num0 (1)
ag__harvest_breed_end round9 stage3 (1)
Plan length: 64 step(s).
Plan cost: 878
Expanded 65 state(s).
Reopened 0 state(s).
Evaluated 308 state(s).
Evaluations: 308
Generated 382 state(s).
Dead ends: 243 state(s).
Expanded until last jump: 0 state(s).
Reopened until last jump: 0 state(s).
Evaluated until last jump: 1 state(s).
Generated until last jump: 0 state(s).
Number of registered states: 308
Search time: 0.00265732s
Total time: 208.497s
Solution found.
Peak memory: 1570972 KB
Checking plan: /home/yani/Documents/Presentations/PlanningTutorial/runPlanningTool/tmpntNXDo/sas_plan
Plan executed successfully - checking goal
Plan valid
Final value: 878 

Successful plans:
Value: 878
 /home/yani/Documents/Presentations/PlanningTutorial/runPlanningTool/tmpntNXDo/sas_plan 878 

