INFO     Running translator.
INFO     translator input: ['domain.pddl', 'problem.pddl']
INFO     translator arguments: []
INFO     translator time limit: 1799.92s
INFO     translator memory limit: 8192 MB
INFO     callstring: /usr/bin/python /planner/builds/release64/bin/translate/translate.py domain.pddl problem.pddl
time limit 1799.92 -> (1800, 1801)
Parsing...
Parsing: [0.010s CPU, 0.014s wall-clock]
Normalizing task... [0.000s CPU, 0.000s wall-clock]
Instantiating...
Generating Datalog program... [0.010s CPU, 0.002s wall-clock]
Normalizing Datalog program...
Normalizing Datalog program: [0.010s CPU, 0.011s wall-clock]
Preparing model... [0.000s CPU, 0.006s wall-clock]
Generated 258 rules.
Computing model... [0.280s CPU, 0.269s wall-clock]
24375 relevant atoms
1408 auxiliary atoms
25783 final queue length
91247 total queue pushes
Completing instantiation... 